<?xml version="1.0" encoding="UTF-8"?>
<!-- Generated by org.testng.reporters.JUnitXMLReporter -->
<testsuite ignored="0" hostname="DESKTOP-RGJMVDJ" failures="0" tests="4" name="Default test" time="25.193" errors="0" timestamp="31 Oct 2023 05:44:43 GMT">
  <testcase classname="lognTestCase.logins" name="loginUsingBothCorrect" time="5.156"/>
  <testcase classname="lognTestCase.logins" name="loginUsingBothCorrect" time="8.971"/>
  <testcase classname="lognTestCase.logins" name="loginUsingBothCorrect" time="1.881"/>
  <testcase classname="lognTestCase.logins" name="loginUsingBothCorrect" time="1.705"/>
</testsuite> <!-- Default test -->
