<?xml version="1.0" encoding="UTF-8"?>
<!-- Generated by org.testng.reporters.JUnitXMLReporter -->
<testsuite ignored="0" hostname="DESKTOP-RGJMVDJ" failures="0" tests="4" name="DataProvider" time="34.751" errors="0" timestamp="05 Oct 2023 12:37:18 GMT">
  <testcase classname="lognTestCase.login" name="loginUsingBothCorrect" time="10.334"/>
  <testcase classname="lognTestCase.login" name="loginUsingBothCorrect" time="8.003"/>
  <testcase classname="lognTestCase.login" name="loginUsingBothCorrect" time="8.306"/>
  <testcase classname="lognTestCase.login" name="loginUsingBothCorrect" time="8.016"/>
</testsuite> <!-- DataProvider -->
