<?xml version="1.0" encoding="UTF-8"?>
<!-- Generated by org.testng.reporters.JUnitXMLReporter -->
<testsuite ignored="0" hostname="DESKTOP-RGJMVDJ" failures="0" tests="4" name="Login Test Cases" time="46.765" errors="0" timestamp="03 Oct 2023 10:57:57 GMT">
  <testcase classname="lognTestCase.BothCorrect" name="loginUsingBothCorrect" time="14.599"/>
  <testcase classname="lognTestCase.BothIncorrect" name="loginUsingBothInCorrect" time="10.919"/>
  <testcase classname="lognTestCase.CorrectPassword" name="loginWithCorrectPassword" time="10.118"/>
  <testcase classname="lognTestCase.CorrectUserName" name="logInWithCorrectUserName" time="11.022"/>
</testsuite> <!-- Login Test Cases -->
