<?xml version="1.0" encoding="UTF-8"?>
<!-- Generated by org.testng.reporters.JUnitXMLReporter -->
<testsuite ignored="1" hostname="DESKTOP-RGJMVDJ" failures="0" tests="1" name="Default test(failed)(failed)" time="0.418" errors="0" timestamp="14 Oct 2023 10:57:03 GMT">
  <testcase classname="seleniumInterview.RerunFailedTestCase" name="test1" time="0.354"/>
  <testcase classname="seleniumInterview.RerunFailedTestCase" name="test2" time="0.0">
    <ignored/>
  </testcase> <!-- test2 -->
</testsuite> <!-- Default test(failed)(failed) -->
