<?xml version="1.0" encoding="UTF-8"?>
<!-- Generated by org.testng.reporters.JUnitXMLReporter -->
<testsuite ignored="0" hostname="DESKTOP-RGJMVDJ" failures="1" tests="6" name="Test case(failed)" time="0.465" errors="0" timestamp="26 Oct 2023 09:54:05 GMT">
  <testcase classname="seleniumInterview.RerunFailedTestCase" name="test1" time="0.248">
    <skipped/>
  </testcase> <!-- test1 -->
  <testcase classname="seleniumInterview.RerunFailedTestCase" name="test1" time="0.018">
    <skipped/>
  </testcase> <!-- test1 -->
  <testcase classname="seleniumInterview.RerunFailedTestCase" name="test1" time="0.009">
    <skipped/>
  </testcase> <!-- test1 -->
  <testcase classname="seleniumInterview.RerunFailedTestCase" name="test1" time="0.006">
    <skipped/>
  </testcase> <!-- test1 -->
  <testcase classname="seleniumInterview.RerunFailedTestCase" name="test1" time="0.014">
    <failure type="junit.framework.AssertionFailedError" message="expected:&amp;lt;true&amp;gt; but was:&amp;lt;false&amp;gt;">
      <![CDATA[junit.framework.AssertionFailedError: expected:<true> but was:<false>
	at junit.framework.Assert.fail(Assert.java:57)
	at junit.framework.Assert.failNotEquals(Assert.java:329)
	at junit.framework.Assert.assertEquals(Assert.java:78)
	at junit.framework.Assert.assertEquals(Assert.java:174)
	at junit.framework.Assert.assertEquals(Assert.java:181)
	at seleniumInterview.RerunFailedTestCase.test1(RerunFailedTestCase.java:13)
... Removed 25 stack frames]]>
    </failure>
  </testcase> <!-- test1 -->
  <testcase classname="seleniumInterview.RerunFailedTestCase" name="test2" time="0.011"/>
</testsuite> <!-- Test case(failed) -->
