<?xml version="1.0" encoding="UTF-8"?>
<testng-results ignored="0" total="4" passed="4" failed="0" skipped="0">
  <reporter-output>
  </reporter-output>
  <suite started-at="2023-10-31T05:44:18Z" name="Default suite" finished-at="2023-10-31T05:44:43Z" duration-ms="25193">
    <groups>
    </groups>
    <test started-at="2023-10-31T05:44:18Z" name="Default test" finished-at="2023-10-31T05:44:43Z" duration-ms="25193">
      <class name="lognTestCase.logins">
        <test-method is-config="true" signature="beforetest()[pri:0, instance:lognTestCase.logins@69e153c5]" started-at="2023-10-31T11:14:18Z" name="beforetest" finished-at="2023-10-31T11:14:24Z" duration-ms="5602" status="PASS">
          <reporter-output>
          </reporter-output>
        </test-method> <!-- beforetest -->
        <test-method signature="loginUsingBothCorrect(java.lang.String, java.lang.String)[pri:0, instance:lognTestCase.logins@69e153c5]" started-at="2023-10-31T11:14:24Z" name="loginUsingBothCorrect" data-provider="login" finished-at="2023-10-31T11:14:29Z" duration-ms="5156" status="PASS">
          <params>
            <param index="0">
              <value>
                <![CDATA[admin ]]>
              </value>
            </param>
            <param index="1">
              <value>
                <![CDATA[admin1]]>
              </value>
            </param>
          </params>
          <reporter-output>
          </reporter-output>
        </test-method> <!-- loginUsingBothCorrect -->
        <test-method signature="loginUsingBothCorrect(java.lang.String, java.lang.String)[pri:0, instance:lognTestCase.logins@69e153c5]" started-at="2023-10-31T11:14:29Z" name="loginUsingBothCorrect" data-provider="login" finished-at="2023-10-31T11:14:38Z" duration-ms="8971" status="PASS">
          <params>
            <param index="0">
              <value>
                <![CDATA[admin2]]>
              </value>
            </param>
            <param index="1">
              <value>
                <![CDATA[admin3]]>
              </value>
            </param>
          </params>
          <reporter-output>
          </reporter-output>
        </test-method> <!-- loginUsingBothCorrect -->
        <test-method signature="loginUsingBothCorrect(java.lang.String, java.lang.String)[pri:0, instance:lognTestCase.logins@69e153c5]" started-at="2023-10-31T11:14:38Z" name="loginUsingBothCorrect" data-provider="login" finished-at="2023-10-31T11:14:40Z" duration-ms="1881" status="PASS">
          <params>
            <param index="0">
              <value>
                <![CDATA[admin4]]>
              </value>
            </param>
            <param index="1">
              <value>
                <![CDATA[admin5]]>
              </value>
            </param>
          </params>
          <reporter-output>
          </reporter-output>
        </test-method> <!-- loginUsingBothCorrect -->
        <test-method signature="loginUsingBothCorrect(java.lang.String, java.lang.String)[pri:0, instance:lognTestCase.logins@69e153c5]" started-at="2023-10-31T11:14:40Z" name="loginUsingBothCorrect" data-provider="login" finished-at="2023-10-31T11:14:42Z" duration-ms="1705" status="PASS">
          <params>
            <param index="0">
              <value>
                <![CDATA[admin6]]>
              </value>
            </param>
            <param index="1">
              <value>
                <![CDATA[admin7]]>
              </value>
            </param>
          </params>
          <reporter-output>
          </reporter-output>
        </test-method> <!-- loginUsingBothCorrect -->
        <test-method is-config="true" signature="aftertest()[pri:0, instance:lognTestCase.logins@69e153c5]" started-at="2023-10-31T11:14:42Z" name="aftertest" finished-at="2023-10-31T11:14:43Z" duration-ms="1387" status="PASS">
          <reporter-output>
          </reporter-output>
        </test-method> <!-- aftertest -->
      </class> <!-- lognTestCase.logins -->
    </test> <!-- Default test -->
  </suite> <!-- Default suite -->
</testng-results>
